<?xml version="1.0" encoding="UTF-8"?>
<!-- Generated by org.testng.reporters.JUnitXMLReporter -->
<testsuite hostname="DSK-420" ignored="0" name="Command line test" tests="6" failures="2" timestamp="27 Apr 2017 06:25:51 GMT" time="0.08" errors="0">
  <testcase name="@BeforeClass beforeClass" time="0.0" classname="test.java.FirstTestNGTest">
    <failure type="org.testng.TestNGException" message="
Parameter &amp;apos;Browser&amp;apos; is required by BeforeClass on method beforeClass but has not been marked @Optional or defined
">
      <![CDATA[org.testng.TestNGException: 
Parameter 'Browser' is required by BeforeClass on method beforeClass but has not been marked @Optional or defined

... Removed 31 stack frames]]>
    </failure>
  </testcase> <!-- @BeforeClass beforeClass -->
  <testcase name="@BeforeMethod beforeMethod" time="0.0" classname="test.java.FirstTestNGTest">
    <failure type="org.testng.TestNGException" message="
Parameter &amp;apos;Browser&amp;apos; is required by BeforeMethod on method beforeMethod but has not been marked @Optional or defined
">
      <![CDATA[org.testng.TestNGException: 
Parameter 'Browser' is required by BeforeMethod on method beforeMethod but has not been marked @Optional or defined

... Removed 33 stack frames]]>
    </failure>
  </testcase> <!-- @BeforeMethod beforeMethod -->
  <testcase name="@AfterMethod afterMethod" time="0.0" classname="test.java.FirstTestNGTest">
    <failure type="java.lang.NullPointerException">
      <![CDATA[java.lang.NullPointerException
	at test.java.FirstTestNGTest.afterMethod(FirstTestNGTest.java:138)
... Removed 36 stack frames]]>
    </failure>
  </testcase> <!-- @AfterMethod afterMethod -->
  <testcase name="@BeforeMethod beforeMethod" time="0.0" classname="test.java.FirstTestNGTest">
    <failure type="org.testng.TestNGException" message="
Parameter &amp;apos;Browser&amp;apos; is required by BeforeMethod on method beforeMethod but has not been marked @Optional or defined
">
      <![CDATA[org.testng.TestNGException: 
Parameter 'Browser' is required by BeforeMethod on method beforeMethod but has not been marked @Optional or defined

... Removed 33 stack frames]]>
    </failure>
  </testcase> <!-- @BeforeMethod beforeMethod -->
  <testcase name="@AfterMethod afterMethod" time="0.0" classname="test.java.FirstTestNGTest">
    <failure type="java.lang.NullPointerException">
      <![CDATA[java.lang.NullPointerException
	at test.java.FirstTestNGTest.afterMethod(FirstTestNGTest.java:138)
... Removed 36 stack frames]]>
    </failure>
  </testcase> <!-- @AfterMethod afterMethod -->
  <testcase name="@BeforeMethod beforeMethod" time="0.0" classname="test.java.FirstTestNGTest">
    <failure type="org.testng.TestNGException" message="
Parameter &amp;apos;Browser&amp;apos; is required by BeforeMethod on method beforeMethod but has not been marked @Optional or defined
">
      <![CDATA[org.testng.TestNGException: 
Parameter 'Browser' is required by BeforeMethod on method beforeMethod but has not been marked @Optional or defined

... Removed 33 stack frames]]>
    </failure>
  </testcase> <!-- @BeforeMethod beforeMethod -->
  <testcase name="@AfterMethod afterMethod" time="0.0" classname="test.java.FirstTestNGTest">
    <failure type="java.lang.NullPointerException">
      <![CDATA[java.lang.NullPointerException
	at test.java.FirstTestNGTest.afterMethod(FirstTestNGTest.java:138)
... Removed 36 stack frames]]>
    </failure>
  </testcase> <!-- @AfterMethod afterMethod -->
  <testcase name="@BeforeMethod beforeMethod" time="0.0" classname="test.java.FirstTestNGTest">
    <failure type="org.testng.TestNGException" message="
Parameter &amp;apos;Browser&amp;apos; is required by BeforeMethod on method beforeMethod but has not been marked @Optional or defined
">
      <![CDATA[org.testng.TestNGException: 
Parameter 'Browser' is required by BeforeMethod on method beforeMethod but has not been marked @Optional or defined

... Removed 33 stack frames]]>
    </failure>
  </testcase> <!-- @BeforeMethod beforeMethod -->
  <testcase name="@AfterMethod afterMethod" time="0.0" classname="test.java.FirstTestNGTest">
    <failure type="java.lang.NullPointerException">
      <![CDATA[java.lang.NullPointerException
	at test.java.FirstTestNGTest.afterMethod(FirstTestNGTest.java:138)
... Removed 36 stack frames]]>
    </failure>
  </testcase> <!-- @AfterMethod afterMethod -->
  <testcase name="testLogin" time="0.0" classname="test.java.FirstTestNGTest">
    <failure type="org.testng.TestNGException" message="
Parameter &amp;apos;UserName&amp;apos; is required by @Test on method testLogin but has not been marked @Optional or defined
">
      <![CDATA[org.testng.TestNGException: 
Parameter 'UserName' is required by @Test on method testLogin but has not been marked @Optional or defined

... Removed 32 stack frames]]>
    </failure>
  </testcase> <!-- testLogin -->
  <testcase name="testLoginWithWrongCredentials" time="0.007" classname="test.java.FirstTestNGTest">
    <skipped/>
  </testcase> <!-- testLoginWithWrongCredentials -->
  <testcase name="testLoginWithWrongCredentials" time="0.001" classname="test.java.FirstTestNGTest">
    <skipped/>
  </testcase> <!-- testLoginWithWrongCredentials -->
  <testcase name="testLoginWithWrongCredentials" time="0.0" classname="test.java.FirstTestNGTest">
    <skipped/>
  </testcase> <!-- testLoginWithWrongCredentials -->
  <testcase name="testLoginWithWrongCredentials" time="0.001" classname="test.java.FirstTestNGTest">
    <skipped/>
  </testcase> <!-- testLoginWithWrongCredentials -->
  <testcase name="testLogout" time="0.0" classname="test.java.FirstTestNGTest">
    <failure type="org.testng.TestNGException" message="
Parameter &amp;apos;UserName&amp;apos; is required by @Test on method testLogout but has not been marked @Optional or defined
">
      <![CDATA[org.testng.TestNGException: 
Parameter 'UserName' is required by @Test on method testLogout but has not been marked @Optional or defined

... Removed 32 stack frames]]>
    </failure>
  </testcase> <!-- testLogout -->
</testsuite> <!-- Command line test -->
